2020-04-09 13:17:07.597 INFO [main] [com.StepDefinition.JPetLoginStep] [launch_the_Chrome_browser] [com.StepDefinition.JPetLoginStep.launch_the_Chrome_browser(JPetLoginStep.java:27)] - chrome opened
2020-04-09 13:17:08.488 INFO [main] [com.StepDefinition.JPetLoginStep] [login_JPetStore_Page_opened] [com.StepDefinition.JPetLoginStep.login_JPetStore_Page_opened(JPetLoginStep.java:33)] - Login page for Username and password
2020-04-09 13:17:11.930 INFO [main] [com.StepDefinition.JPetLoginStep] [enter_username_as_and_password_as] [com.StepDefinition.JPetLoginStep.enter_username_as_and_password_as(JPetLoginStep.java:42)] - text is entered and searched
2020-04-09 13:17:16.351 INFO [main] [com.StepDefinition.JPetLoginStep] [clicks_the_Login_button] [com.StepDefinition.JPetLoginStep.clicks_the_Login_button(JPetLoginStep.java:51)] - clicks on the submit button
2020-04-09 13:17:19.128 INFO [main] [com.StepDefinition.JPetLoginStep] [clicks_the_Login_button] [com.StepDefinition.JPetLoginStep.clicks_the_Login_button(JPetLoginStep.java:55)] - Login page opened and ScreenShot taken
2020-04-09 13:17:57.385 INFO [main] [com.StepDefinition.JPetLoginStep] [launch_the_Chrome_browser] [com.StepDefinition.JPetLoginStep.launch_the_Chrome_browser(JPetLoginStep.java:27)] - chrome opened
2020-04-09 13:17:57.388 INFO [main] [com.StepDefinition.JPetLoginStep] [login_JPetStore_Page_opened] [com.StepDefinition.JPetLoginStep.login_JPetStore_Page_opened(JPetLoginStep.java:33)] - Login page for Username and password
2020-04-09 13:17:58.762 INFO [main] [com.StepDefinition.JPetLoginStep] [enter_username_as_and_password_as] [com.StepDefinition.JPetLoginStep.enter_username_as_and_password_as(JPetLoginStep.java:42)] - text is entered and searched
2020-04-09 13:18:03.949 INFO [main] [com.StepDefinition.JPetLoginStep] [clicks_the_Login_button] [com.StepDefinition.JPetLoginStep.clicks_the_Login_button(JPetLoginStep.java:51)] - clicks on the submit button
2020-04-09 13:18:04.970 INFO [main] [com.StepDefinition.JPetLoginStep] [clicks_the_Login_button] [com.StepDefinition.JPetLoginStep.clicks_the_Login_button(JPetLoginStep.java:55)] - Login page opened and ScreenShot taken
2020-04-09 13:18:27.762 INFO [main] [com.StepDefinition.JPetLoginStep] [launch_the_Chrome_browser] [com.StepDefinition.JPetLoginStep.launch_the_Chrome_browser(JPetLoginStep.java:27)] - chrome opened
2020-04-09 13:18:34.172 INFO [main] [com.StepDefinition.JPetBirdsStep] [bird_JPetStore_Page_opened] [com.StepDefinition.JPetBirdsStep.bird_JPetStore_Page_opened(JPetBirdsStep.java:29)] - entered username and password for login
2020-04-09 13:24:53.021 INFO [main] [com.StepDefinition.JPetLoginStep] [launch_the_Chrome_browser] [com.StepDefinition.JPetLoginStep.launch_the_Chrome_browser(JPetLoginStep.java:27)] - chrome opened
2020-04-09 13:24:53.078 INFO [main] [com.StepDefinition.JPetLoginStep] [login_JPetStore_Page_opened] [com.StepDefinition.JPetLoginStep.login_JPetStore_Page_opened(JPetLoginStep.java:33)] - Login page for Username and password
2020-04-09 13:24:53.909 INFO [main] [com.StepDefinition.JPetLoginStep] [enter_username_as_and_password_as] [com.StepDefinition.JPetLoginStep.enter_username_as_and_password_as(JPetLoginStep.java:42)] - text is entered and searched
2020-04-09 13:24:56.615 INFO [main] [com.StepDefinition.JPetLoginStep] [clicks_the_Login_button] [com.StepDefinition.JPetLoginStep.clicks_the_Login_button(JPetLoginStep.java:51)] - clicks on the submit button
2020-04-09 13:24:57.256 INFO [main] [com.StepDefinition.JPetLoginStep] [clicks_the_Login_button] [com.StepDefinition.JPetLoginStep.clicks_the_Login_button(JPetLoginStep.java:55)] - Login page opened and ScreenShot taken
2020-04-09 13:25:15.608 INFO [main] [com.StepDefinition.JPetLoginStep] [launch_the_Chrome_browser] [com.StepDefinition.JPetLoginStep.launch_the_Chrome_browser(JPetLoginStep.java:27)] - chrome opened
2020-04-09 13:25:15.613 INFO [main] [com.StepDefinition.JPetLoginStep] [login_JPetStore_Page_opened] [com.StepDefinition.JPetLoginStep.login_JPetStore_Page_opened(JPetLoginStep.java:33)] - Login page for Username and password
2020-04-09 13:25:16.076 INFO [main] [com.StepDefinition.JPetLoginStep] [enter_username_as_and_password_as] [com.StepDefinition.JPetLoginStep.enter_username_as_and_password_as(JPetLoginStep.java:42)] - text is entered and searched
2020-04-09 13:25:18.222 INFO [main] [com.StepDefinition.JPetLoginStep] [clicks_the_Login_button] [com.StepDefinition.JPetLoginStep.clicks_the_Login_button(JPetLoginStep.java:51)] - clicks on the submit button
2020-04-09 13:39:16.264 INFO [main] [com.StepDefinition.JPetLoginStep] [launch_the_Chrome_browser] [com.StepDefinition.JPetLoginStep.launch_the_Chrome_browser(JPetLoginStep.java:27)] - chrome opened
2020-04-09 13:39:16.590 INFO [main] [com.StepDefinition.JPetLoginStep] [login_JPetStore_Page_opened] [com.StepDefinition.JPetLoginStep.login_JPetStore_Page_opened(JPetLoginStep.java:33)] - Login page for Username and password
2020-04-09 13:39:22.851 INFO [main] [com.StepDefinition.JPetLoginStep] [enter_username_as_and_password_as] [com.StepDefinition.JPetLoginStep.enter_username_as_and_password_as(JPetLoginStep.java:42)] - text is entered and searched
2020-04-09 13:39:28.440 INFO [main] [com.StepDefinition.JPetLoginStep] [clicks_the_Login_button] [com.StepDefinition.JPetLoginStep.clicks_the_Login_button(JPetLoginStep.java:51)] - clicks on the submit button
2020-04-09 13:39:30.247 INFO [main] [com.StepDefinition.JPetLoginStep] [clicks_the_Login_button] [com.StepDefinition.JPetLoginStep.clicks_the_Login_button(JPetLoginStep.java:55)] - Login page opened and ScreenShot taken
2020-04-09 13:40:13.832 INFO [main] [com.StepDefinition.JPetLoginStep] [launch_the_Chrome_browser] [com.StepDefinition.JPetLoginStep.launch_the_Chrome_browser(JPetLoginStep.java:27)] - chrome opened
2020-04-09 13:40:13.843 INFO [main] [com.StepDefinition.JPetLoginStep] [login_JPetStore_Page_opened] [com.StepDefinition.JPetLoginStep.login_JPetStore_Page_opened(JPetLoginStep.java:33)] - Login page for Username and password
2020-04-09 13:40:14.296 INFO [main] [com.StepDefinition.JPetLoginStep] [enter_username_as_and_password_as] [com.StepDefinition.JPetLoginStep.enter_username_as_and_password_as(JPetLoginStep.java:42)] - text is entered and searched
2020-04-09 13:40:17.063 INFO [main] [com.StepDefinition.JPetLoginStep] [clicks_the_Login_button] [com.StepDefinition.JPetLoginStep.clicks_the_Login_button(JPetLoginStep.java:51)] - clicks on the submit button
2020-04-09 13:40:21.554 INFO [main] [com.StepDefinition.JPetLoginStep] [clicks_the_Login_button] [com.StepDefinition.JPetLoginStep.clicks_the_Login_button(JPetLoginStep.java:55)] - Login page opened and ScreenShot taken
2020-04-09 14:00:47.838 INFO [main] [com.StepDefinition.JPetLoginStep] [launch_the_Chrome_browser] [com.StepDefinition.JPetLoginStep.launch_the_Chrome_browser(JPetLoginStep.java:27)] - chrome opened
2020-04-09 14:00:48.079 INFO [main] [com.StepDefinition.JPetLoginStep] [login_JPetStore_Page_opened] [com.StepDefinition.JPetLoginStep.login_JPetStore_Page_opened(JPetLoginStep.java:33)] - Login page for Username and password
2020-04-09 14:00:55.567 INFO [main] [com.StepDefinition.JPetLoginStep] [enter_username_as_and_password_as] [com.StepDefinition.JPetLoginStep.enter_username_as_and_password_as(JPetLoginStep.java:42)] - text is entered and searched
2020-04-09 14:01:15.113 INFO [main] [com.StepDefinition.JPetLoginStep] [clicks_the_Login_button] [com.StepDefinition.JPetLoginStep.clicks_the_Login_button(JPetLoginStep.java:51)] - clicks on the submit button
2020-04-09 14:01:50.566 INFO [main] [com.StepDefinition.JPetLoginStep] [launch_the_Chrome_browser] [com.StepDefinition.JPetLoginStep.launch_the_Chrome_browser(JPetLoginStep.java:27)] - chrome opened
2020-04-09 14:01:50.573 INFO [main] [com.StepDefinition.JPetLoginStep] [login_JPetStore_Page_opened] [com.StepDefinition.JPetLoginStep.login_JPetStore_Page_opened(JPetLoginStep.java:33)] - Login page for Username and password
2020-04-09 14:01:51.113 INFO [main] [com.StepDefinition.JPetLoginStep] [enter_username_as_and_password_as] [com.StepDefinition.JPetLoginStep.enter_username_as_and_password_as(JPetLoginStep.java:42)] - text is entered and searched
2020-04-09 14:01:54.103 INFO [main] [com.StepDefinition.JPetLoginStep] [clicks_the_Login_button] [com.StepDefinition.JPetLoginStep.clicks_the_Login_button(JPetLoginStep.java:51)] - clicks on the submit button
2020-04-09 14:01:55.291 INFO [main] [com.StepDefinition.JPetLoginStep] [clicks_the_Login_button] [com.StepDefinition.JPetLoginStep.clicks_the_Login_button(JPetLoginStep.java:55)] - Login page opened and ScreenShot taken
2020-04-09 14:13:59.085 INFO [main] [com.StepDefinition.JPetLoginStep] [launch_the_Chrome_browser] [com.StepDefinition.JPetLoginStep.launch_the_Chrome_browser(JPetLoginStep.java:27)] - chrome opened
2020-04-09 14:13:59.190 INFO [main] [com.StepDefinition.JPetLoginStep] [login_JPetStore_Page_opened] [com.StepDefinition.JPetLoginStep.login_JPetStore_Page_opened(JPetLoginStep.java:33)] - Login page for Username and password
2020-04-09 14:14:01.095 INFO [main] [com.StepDefinition.JPetLoginStep] [enter_username_as_and_password_as] [com.StepDefinition.JPetLoginStep.enter_username_as_and_password_as(JPetLoginStep.java:42)] - text is entered and searched
2020-04-09 14:14:04.400 INFO [main] [com.StepDefinition.JPetLoginStep] [clicks_the_Login_button] [com.StepDefinition.JPetLoginStep.clicks_the_Login_button(JPetLoginStep.java:51)] - clicks on the submit button
2020-04-09 14:14:05.125 INFO [main] [com.StepDefinition.JPetLoginStep] [clicks_the_Login_button] [com.StepDefinition.JPetLoginStep.clicks_the_Login_button(JPetLoginStep.java:55)] - Login page opened and ScreenShot taken
2020-04-09 14:28:39.175 INFO [main] [com.StepDefinition.JPetLoginStep] [launch_the_Chrome_browser] [com.StepDefinition.JPetLoginStep.launch_the_Chrome_browser(JPetLoginStep.java:27)] - chrome opened
2020-04-09 14:28:39.387 INFO [main] [com.StepDefinition.JPetLoginStep] [login_JPetStore_Page_opened] [com.StepDefinition.JPetLoginStep.login_JPetStore_Page_opened(JPetLoginStep.java:33)] - Login page for Username and password
2020-04-09 14:28:43.010 INFO [main] [com.StepDefinition.JPetLoginStep] [enter_username_as_and_password_as] [com.StepDefinition.JPetLoginStep.enter_username_as_and_password_as(JPetLoginStep.java:42)] - text is entered and searched
2020-04-09 14:28:51.562 INFO [main] [com.StepDefinition.JPetLoginStep] [clicks_the_Login_button] [com.StepDefinition.JPetLoginStep.clicks_the_Login_button(JPetLoginStep.java:51)] - clicks on the submit button
2020-04-09 14:28:53.422 INFO [main] [com.StepDefinition.JPetLoginStep] [clicks_the_Login_button] [com.StepDefinition.JPetLoginStep.clicks_the_Login_button(JPetLoginStep.java:55)] - Login page opened and ScreenShot taken
2020-04-09 14:47:48.389 INFO [main] [com.StepDefinition.JPetLoginStep] [launch_the_Chrome_browser] [com.StepDefinition.JPetLoginStep.launch_the_Chrome_browser(JPetLoginStep.java:27)] - chrome opened
2020-04-09 14:47:48.537 INFO [main] [com.StepDefinition.JPetLoginStep] [login_JPetStore_Page_opened] [com.StepDefinition.JPetLoginStep.login_JPetStore_Page_opened(JPetLoginStep.java:33)] - Login page for Username and password
2020-04-09 14:47:51.480 INFO [main] [com.StepDefinition.JPetLoginStep] [enter_username_as_and_password_as] [com.StepDefinition.JPetLoginStep.enter_username_as_and_password_as(JPetLoginStep.java:42)] - text is entered and searched
2020-04-09 14:48:02.689 INFO [main] [com.StepDefinition.JPetLoginStep] [clicks_the_Login_button] [com.StepDefinition.JPetLoginStep.clicks_the_Login_button(JPetLoginStep.java:51)] - clicks on the submit button
2020-04-09 14:48:04.245 INFO [main] [com.StepDefinition.JPetLoginStep] [clicks_the_Login_button] [com.StepDefinition.JPetLoginStep.clicks_the_Login_button(JPetLoginStep.java:55)] - Login page opened and ScreenShot taken
2020-04-09 14:48:29.709 INFO [main] [com.StepDefinition.JPetLoginStep] [launch_the_Chrome_browser] [com.StepDefinition.JPetLoginStep.launch_the_Chrome_browser(JPetLoginStep.java:27)] - chrome opened
2020-04-09 14:48:29.714 INFO [main] [com.StepDefinition.JPetLoginStep] [login_JPetStore_Page_opened] [com.StepDefinition.JPetLoginStep.login_JPetStore_Page_opened(JPetLoginStep.java:33)] - Login page for Username and password
2020-04-09 14:48:30.164 INFO [main] [com.StepDefinition.JPetLoginStep] [enter_username_as_and_password_as] [com.StepDefinition.JPetLoginStep.enter_username_as_and_password_as(JPetLoginStep.java:42)] - text is entered and searched
2020-04-09 14:48:33.211 INFO [main] [com.StepDefinition.JPetLoginStep] [clicks_the_Login_button] [com.StepDefinition.JPetLoginStep.clicks_the_Login_button(JPetLoginStep.java:51)] - clicks on the submit button
2020-04-09 14:48:33.652 INFO [main] [com.StepDefinition.JPetLoginStep] [clicks_the_Login_button] [com.StepDefinition.JPetLoginStep.clicks_the_Login_button(JPetLoginStep.java:55)] - Login page opened and ScreenShot taken
2020-04-09 14:54:01.598 INFO [main] [com.StepDefinition.JPetLoginStep] [launch_the_Chrome_browser] [com.StepDefinition.JPetLoginStep.launch_the_Chrome_browser(JPetLoginStep.java:27)] - chrome opened
2020-04-09 14:54:01.661 INFO [main] [com.StepDefinition.JPetLoginStep] [login_JPetStore_Page_opened] [com.StepDefinition.JPetLoginStep.login_JPetStore_Page_opened(JPetLoginStep.java:33)] - Login page for Username and password
2020-04-09 14:54:02.615 INFO [main] [com.StepDefinition.JPetLoginStep] [enter_username_as_and_password_as] [com.StepDefinition.JPetLoginStep.enter_username_as_and_password_as(JPetLoginStep.java:42)] - text is entered and searched
2020-04-09 14:54:05.390 INFO [main] [com.StepDefinition.JPetLoginStep] [clicks_the_Login_button] [com.StepDefinition.JPetLoginStep.clicks_the_Login_button(JPetLoginStep.java:51)] - clicks on the submit button
2020-04-09 14:54:05.942 INFO [main] [com.StepDefinition.JPetLoginStep] [clicks_the_Login_button] [com.StepDefinition.JPetLoginStep.clicks_the_Login_button(JPetLoginStep.java:55)] - Login page opened and ScreenShot taken
2020-04-09 15:09:05.849 INFO [main] [com.StepDefinition.JPetLoginStep] [launch_the_Chrome_browser] [com.StepDefinition.JPetLoginStep.launch_the_Chrome_browser(JPetLoginStep.java:27)] - chrome opened
2020-04-09 15:09:06.013 INFO [main] [com.StepDefinition.JPetLoginStep] [login_JPetStore_Page_opened] [com.StepDefinition.JPetLoginStep.login_JPetStore_Page_opened(JPetLoginStep.java:33)] - Login page for Username and password
2020-04-09 15:09:06.596 INFO [main] [com.StepDefinition.JPetLoginStep] [enter_username_as_and_password_as] [com.StepDefinition.JPetLoginStep.enter_username_as_and_password_as(JPetLoginStep.java:42)] - text is entered and searched
2020-04-09 15:09:11.557 INFO [main] [com.StepDefinition.JPetLoginStep] [clicks_the_Login_button] [com.StepDefinition.JPetLoginStep.clicks_the_Login_button(JPetLoginStep.java:51)] - clicks on the submit button
2020-04-09 15:09:12.823 INFO [main] [com.StepDefinition.JPetLoginStep] [clicks_the_Login_button] [com.StepDefinition.JPetLoginStep.clicks_the_Login_button(JPetLoginStep.java:55)] - Login page opened and ScreenShot taken
2020-04-09 15:09:30.305 INFO [main] [com.StepDefinition.JPetLoginStep] [launch_the_Chrome_browser] [com.StepDefinition.JPetLoginStep.launch_the_Chrome_browser(JPetLoginStep.java:27)] - chrome opened
2020-04-09 15:09:30.310 INFO [main] [com.StepDefinition.JPetLoginStep] [login_JPetStore_Page_opened] [com.StepDefinition.JPetLoginStep.login_JPetStore_Page_opened(JPetLoginStep.java:33)] - Login page for Username and password
2020-04-09 15:09:30.645 INFO [main] [com.StepDefinition.JPetLoginStep] [enter_username_as_and_password_as] [com.StepDefinition.JPetLoginStep.enter_username_as_and_password_as(JPetLoginStep.java:42)] - text is entered and searched
2020-04-09 15:09:34.299 INFO [main] [com.StepDefinition.JPetLoginStep] [clicks_the_Login_button] [com.StepDefinition.JPetLoginStep.clicks_the_Login_button(JPetLoginStep.java:51)] - clicks on the submit button
2020-04-09 15:09:35.665 INFO [main] [com.StepDefinition.JPetLoginStep] [clicks_the_Login_button] [com.StepDefinition.JPetLoginStep.clicks_the_Login_button(JPetLoginStep.java:55)] - Login page opened and ScreenShot taken
2020-04-09 15:10:45.000 INFO [main] [com.StepDefinition.JPetLoginStep] [launch_the_Chrome_browser] [com.StepDefinition.JPetLoginStep.launch_the_Chrome_browser(JPetLoginStep.java:27)] - chrome opened
2020-04-09 15:10:55.760 INFO [main] [com.StepDefinition.JPetBirdsStep] [bird_JPetStore_Page_opened] [com.StepDefinition.JPetBirdsStep.bird_JPetStore_Page_opened(JPetBirdsStep.java:29)] - entered username and password for login
2020-04-09 15:10:58.280 INFO [main] [com.StepDefinition.JPetBirdsStep] [click_The_Birds_Image] [com.StepDefinition.JPetBirdsStep.click_The_Birds_Image(JPetBirdsStep.java:38)] - Bird Image clicked
2020-04-09 15:11:00.757 INFO [main] [com.StepDefinition.JPetBirdsStep] [click_The_ProductID_of_Bird] [com.StepDefinition.JPetBirdsStep.click_The_ProductID_of_Bird(JPetBirdsStep.java:46)] - Bird ProductID clicked
2020-04-09 15:11:03.237 INFO [main] [com.StepDefinition.JPetBirdsStep] [click_The_ItemId_of_Bird] [com.StepDefinition.JPetBirdsStep.click_The_ItemId_of_Bird(JPetBirdsStep.java:54)] - Bird ItemID clicked
2020-04-09 15:11:03.778 INFO [main] [com.StepDefinition.JPetBirdsStep] [click_The_ItemId_of_Bird] [com.StepDefinition.JPetBirdsStep.click_The_ItemId_of_Bird(JPetBirdsStep.java:58)] - Bird page opened and ScreenShot taken
2020-04-09 15:11:07.290 INFO [main] [com.StepDefinition.JPetBirdsStep] [click_The_AddToCart] [com.StepDefinition.JPetBirdsStep.click_The_AddToCart(JPetBirdsStep.java:66)] - AddToCart clicked
2020-04-09 15:11:09.642 INFO [main] [com.StepDefinition.JPetBirdsStep] [click_The_ProceedToCheckOut] [com.StepDefinition.JPetBirdsStep.click_The_ProceedToCheckOut(JPetBirdsStep.java:74)] - Bird added to cart and Proceed clicked
2020-04-09 15:11:09.643 INFO [main] [com.StepDefinition.JPetBirdsStep] [click_The_ProceedToCheckOut] [com.StepDefinition.JPetBirdsStep.click_The_ProceedToCheckOut(JPetBirdsStep.java:75)] - Payment Page is opened
2020-04-09 15:11:31.383 INFO [main] [com.StepDefinition.JPetLoginStep] [launch_the_Chrome_browser] [com.StepDefinition.JPetLoginStep.launch_the_Chrome_browser(JPetLoginStep.java:27)] - chrome opened
2020-04-09 15:11:36.619 INFO [main] [com.StepDefinition.JPetCatsStep] [cats_JPetStore_Page_opened] [com.StepDefinition.JPetCatsStep.cats_JPetStore_Page_opened(JPetCatsStep.java:30)] - Login done JPetStore Menu page opened
2020-04-09 15:11:39.456 INFO [main] [com.StepDefinition.JPetCatsStep] [click_The_Cat_Image] [com.StepDefinition.JPetCatsStep.click_The_Cat_Image(JPetCatsStep.java:39)] - Cat Image clicked
2020-04-09 15:11:41.764 INFO [main] [com.StepDefinition.JPetCatsStep] [click_The_ProductID_of_Cat] [com.StepDefinition.JPetCatsStep.click_The_ProductID_of_Cat(JPetCatsStep.java:47)] - Cat ProductID clicked
2020-04-09 15:11:44.694 INFO [main] [com.StepDefinition.JPetCatsStep] [click_The_ItemId_of_Cat] [com.StepDefinition.JPetCatsStep.click_The_ItemId_of_Cat(JPetCatsStep.java:59)] - Cat page opened and ScreenShot taken
2020-04-09 15:11:48.298 INFO [main] [com.StepDefinition.JPetCatsStep] [click_The_AddToCart_for_cat] [com.StepDefinition.JPetCatsStep.click_The_AddToCart_for_cat(JPetCatsStep.java:67)] - AddToCart clicked
2020-04-09 15:11:50.579 INFO [main] [com.StepDefinition.JPetCatsStep] [click_The_ProceedToCheckOut_for_cat] [com.StepDefinition.JPetCatsStep.click_The_ProceedToCheckOut_for_cat(JPetCatsStep.java:75)] - Cat added to cart and Proceed clicked
2020-04-09 15:11:50.580 INFO [main] [com.StepDefinition.JPetCatsStep] [click_The_ProceedToCheckOut_for_cat] [com.StepDefinition.JPetCatsStep.click_The_ProceedToCheckOut_for_cat(JPetCatsStep.java:76)] - Payment Page is opened
2020-04-09 15:12:10.006 INFO [main] [com.StepDefinition.JPetLoginStep] [launch_the_Chrome_browser] [com.StepDefinition.JPetLoginStep.launch_the_Chrome_browser(JPetLoginStep.java:27)] - chrome opened
2020-04-09 15:12:14.698 INFO [main] [com.StepDefinition.JPetReptilesStep] [reptiles_JPetStore_Page_opened] [com.StepDefinition.JPetReptilesStep.reptiles_JPetStore_Page_opened(JPetReptilesStep.java:33)] - Login done JPetStore Menu page opened
2020-04-09 15:12:17.751 INFO [main] [com.StepDefinition.JPetReptilesStep] [click_The_Reptile_Image] [com.StepDefinition.JPetReptilesStep.click_The_Reptile_Image(JPetReptilesStep.java:42)] - Reptile Image clicked
2020-04-09 15:12:21.393 INFO [main] [com.StepDefinition.JPetReptilesStep] [click_The_ProductID_of_Reptile] [com.StepDefinition.JPetReptilesStep.click_The_ProductID_of_Reptile(JPetReptilesStep.java:50)] - Reptile ProductID clicked
2020-04-09 15:12:23.939 INFO [main] [com.StepDefinition.JPetReptilesStep] [click_The_ItemId_of_Reptile] [com.StepDefinition.JPetReptilesStep.click_The_ItemId_of_Reptile(JPetReptilesStep.java:58)] - Reptile ItemID clicked
2020-04-09 15:12:27.286 INFO [main] [com.StepDefinition.JPetReptilesStep] [click_The_AddToCart_of_Reptile] [com.StepDefinition.JPetReptilesStep.click_The_AddToCart_of_Reptile(JPetReptilesStep.java:70)] - AddToCart clicked
2020-04-09 15:12:30.207 INFO [main] [com.StepDefinition.JPetReptilesStep] [click_The_ProceedToCheckOut_of_Reptile] [com.StepDefinition.JPetReptilesStep.click_The_ProceedToCheckOut_of_Reptile(JPetReptilesStep.java:78)] - Reptile added to cart and Proceed clicked
2020-04-09 15:12:30.208 INFO [main] [com.StepDefinition.JPetReptilesStep] [click_The_ProceedToCheckOut_of_Reptile] [com.StepDefinition.JPetReptilesStep.click_The_ProceedToCheckOut_of_Reptile(JPetReptilesStep.java:79)] - Payment Page is opened
2020-04-09 15:12:55.672 INFO [main] [com.StepDefinition.JPetLoginStep] [launch_the_Chrome_browser] [com.StepDefinition.JPetLoginStep.launch_the_Chrome_browser(JPetLoginStep.java:27)] - chrome opened
2020-04-09 15:12:59.990 INFO [main] [com.StepDefinition.JPetDogsStep] [dogs_JPetStore_Page_opened] [com.StepDefinition.JPetDogsStep.dogs_JPetStore_Page_opened(JPetDogsStep.java:30)] - Login done JPetStore Menu page opened
2020-04-09 15:13:02.233 INFO [main] [com.StepDefinition.JPetDogsStep] [clicks_The_Dogs_Image] [com.StepDefinition.JPetDogsStep.clicks_The_Dogs_Image(JPetDogsStep.java:39)] - Dog Image clicked
2020-04-09 15:13:04.429 INFO [main] [com.StepDefinition.JPetDogsStep] [clicks_The_ProductID_for_Dogs] [com.StepDefinition.JPetDogsStep.clicks_The_ProductID_for_Dogs(JPetDogsStep.java:47)] - Dog ProductID clicked
2020-04-09 15:13:07.441 INFO [main] [com.StepDefinition.JPetDogsStep] [clicks_The_ItemId_for_Dogs] [com.StepDefinition.JPetDogsStep.clicks_The_ItemId_for_Dogs(JPetDogsStep.java:55)] - Dog ItemID clicked
2020-04-09 15:13:07.853 INFO [main] [com.StepDefinition.JPetDogsStep] [clicks_The_ItemId_for_Dogs] [com.StepDefinition.JPetDogsStep.clicks_The_ItemId_for_Dogs(JPetDogsStep.java:59)] - Dog page opened and ScreenShot taken
2020-04-09 15:13:10.353 INFO [main] [com.StepDefinition.JPetDogsStep] [clicks_The_AddToCart_for_Dogs] [com.StepDefinition.JPetDogsStep.clicks_The_AddToCart_for_Dogs(JPetDogsStep.java:67)] - AddToCart clicked
2020-04-09 15:13:12.535 INFO [main] [com.StepDefinition.JPetDogsStep] [clicks_The_ProceedToCheckOut_for_Dogs] [com.StepDefinition.JPetDogsStep.clicks_The_ProceedToCheckOut_for_Dogs(JPetDogsStep.java:75)] - Dog added to cart and Proceed clicked
2020-04-09 15:13:12.535 INFO [main] [com.StepDefinition.JPetDogsStep] [clicks_The_ProceedToCheckOut_for_Dogs] [com.StepDefinition.JPetDogsStep.clicks_The_ProceedToCheckOut_for_Dogs(JPetDogsStep.java:76)] - Payment Page is opened
2020-04-09 15:13:30.835 INFO [main] [com.StepDefinition.JPetLoginStep] [launch_the_Chrome_browser] [com.StepDefinition.JPetLoginStep.launch_the_Chrome_browser(JPetLoginStep.java:27)] - chrome opened
2020-04-09 15:13:35.511 INFO [main] [com.StepDefinition.JPetFishStep] [fish_JPetStore_Page_opened] [com.StepDefinition.JPetFishStep.fish_JPetStore_Page_opened(JPetFishStep.java:29)] - Login done JPetStore Menu page opened
2020-04-09 15:13:38.466 INFO [main] [com.StepDefinition.JPetFishStep] [clicks_The_Fish_Image] [com.StepDefinition.JPetFishStep.clicks_The_Fish_Image(JPetFishStep.java:38)] - Fish Image clicked
2020-04-09 15:13:40.735 INFO [main] [com.StepDefinition.JPetFishStep] [clicks_The_ProductID_for_Fish] [com.StepDefinition.JPetFishStep.clicks_The_ProductID_for_Fish(JPetFishStep.java:46)] - Fish ProductID clicked
2020-04-09 15:13:43.033 INFO [main] [com.StepDefinition.JPetFishStep] [clicks_The_ItemId_for_Fish] [com.StepDefinition.JPetFishStep.clicks_The_ItemId_for_Fish(JPetFishStep.java:54)] - Fish ItemID clicked
2020-04-09 15:13:43.453 INFO [main] [com.StepDefinition.JPetFishStep] [clicks_The_ItemId_for_Fish] [com.StepDefinition.JPetFishStep.clicks_The_ItemId_for_Fish(JPetFishStep.java:58)] - Fish page opened and ScreenShot taken
2020-04-09 15:13:46.636 INFO [main] [com.StepDefinition.JPetFishStep] [clicks_The_AddToCart_for_Fish] [com.StepDefinition.JPetFishStep.clicks_The_AddToCart_for_Fish(JPetFishStep.java:66)] - AddToCart clicked
2020-04-09 15:13:48.871 INFO [main] [com.StepDefinition.JPetFishStep] [clicks_The_ProceedToCheckOut_for_Fish] [com.StepDefinition.JPetFishStep.clicks_The_ProceedToCheckOut_for_Fish(JPetFishStep.java:74)] - Fish added to cart and Proceed clicked
2020-04-09 15:13:48.871 INFO [main] [com.StepDefinition.JPetFishStep] [clicks_The_ProceedToCheckOut_for_Fish] [com.StepDefinition.JPetFishStep.clicks_The_ProceedToCheckOut_for_Fish(JPetFishStep.java:75)] - Payment Page is opened
2020-04-09 15:14:20.149 INFO [main] [com.StepDefinition.JPetExcelReaderStep] [the_jpetstore_page_is_opened] [com.StepDefinition.JPetExcelReaderStep.the_jpetstore_page_is_opened(JPetExcelReaderStep.java:26)] - chrome opened
2020-04-09 15:14:20.535 INFO [main] [com.StepDefinition.JPetExcelReaderStep] [login_page_is_opened] [com.StepDefinition.JPetExcelReaderStep.login_page_is_opened(JPetExcelReaderStep.java:34)] - Login page opened
2020-04-09 15:14:41.515 INFO [main] [com.StepDefinition.JPetExcelReaderStep] [the_email_and_password_details_are_given] [com.StepDefinition.JPetExcelReaderStep.the_email_and_password_details_are_given(JPetExcelReaderStep.java:45)] - Login Done by excel read data
2020-04-09 15:14:42.381 INFO [main] [com.StepDefinition.JPetExcelReaderStep] [login_and_quit] [com.StepDefinition.JPetExcelReaderStep.login_and_quit(JPetExcelReaderStep.java:54)] - Login page opened and ScreenShot taken
2020-04-09 15:23:36.597 INFO [main] [com.StepDefinition.JPetLoginStep] [launch_the_Chrome_browser] [com.StepDefinition.JPetLoginStep.launch_the_Chrome_browser(JPetLoginStep.java:27)] - chrome opened
2020-04-09 15:23:36.655 INFO [main] [com.StepDefinition.JPetLoginStep] [login_JPetStore_Page_opened] [com.StepDefinition.JPetLoginStep.login_JPetStore_Page_opened(JPetLoginStep.java:33)] - Login page for Username and password
2020-04-09 15:23:37.598 INFO [main] [com.StepDefinition.JPetLoginStep] [enter_username_as_and_password_as] [com.StepDefinition.JPetLoginStep.enter_username_as_and_password_as(JPetLoginStep.java:42)] - text is entered and searched
2020-04-09 15:23:40.429 INFO [main] [com.StepDefinition.JPetLoginStep] [clicks_the_Login_button] [com.StepDefinition.JPetLoginStep.clicks_the_Login_button(JPetLoginStep.java:51)] - clicks on the submit button
2020-04-09 15:23:41.117 INFO [main] [com.StepDefinition.JPetLoginStep] [clicks_the_Login_button] [com.StepDefinition.JPetLoginStep.clicks_the_Login_button(JPetLoginStep.java:55)] - Login page opened and ScreenShot taken
2020-04-09 15:24:01.949 INFO [main] [com.StepDefinition.JPetLoginStep] [launch_the_Chrome_browser] [com.StepDefinition.JPetLoginStep.launch_the_Chrome_browser(JPetLoginStep.java:27)] - chrome opened
2020-04-09 15:24:01.952 INFO [main] [com.StepDefinition.JPetLoginStep] [login_JPetStore_Page_opened] [com.StepDefinition.JPetLoginStep.login_JPetStore_Page_opened(JPetLoginStep.java:33)] - Login page for Username and password
2020-04-09 15:24:05.170 INFO [main] [com.StepDefinition.JPetLoginStep] [enter_username_as_and_password_as] [com.StepDefinition.JPetLoginStep.enter_username_as_and_password_as(JPetLoginStep.java:42)] - text is entered and searched
2020-04-09 15:24:08.755 INFO [main] [com.StepDefinition.JPetLoginStep] [clicks_the_Login_button] [com.StepDefinition.JPetLoginStep.clicks_the_Login_button(JPetLoginStep.java:51)] - clicks on the submit button
2020-04-09 15:24:09.229 INFO [main] [com.StepDefinition.JPetLoginStep] [clicks_the_Login_button] [com.StepDefinition.JPetLoginStep.clicks_the_Login_button(JPetLoginStep.java:55)] - Login page opened and ScreenShot taken
2020-04-09 15:24:41.864 INFO [main] [com.StepDefinition.JPetLoginStep] [launch_the_Chrome_browser] [com.StepDefinition.JPetLoginStep.launch_the_Chrome_browser(JPetLoginStep.java:27)] - chrome opened
2020-04-09 15:24:47.277 INFO [main] [com.StepDefinition.JPetBirdsStep] [bird_JPetStore_Page_opened] [com.StepDefinition.JPetBirdsStep.bird_JPetStore_Page_opened(JPetBirdsStep.java:29)] - entered username and password for login
2020-04-09 15:24:49.842 INFO [main] [com.StepDefinition.JPetBirdsStep] [click_The_Birds_Image] [com.StepDefinition.JPetBirdsStep.click_The_Birds_Image(JPetBirdsStep.java:38)] - Bird Image clicked
2020-04-09 15:24:52.100 INFO [main] [com.StepDefinition.JPetBirdsStep] [click_The_ProductID_of_Bird] [com.StepDefinition.JPetBirdsStep.click_The_ProductID_of_Bird(JPetBirdsStep.java:46)] - Bird ProductID clicked
2020-04-09 15:24:54.937 INFO [main] [com.StepDefinition.JPetBirdsStep] [click_The_ItemId_of_Bird] [com.StepDefinition.JPetBirdsStep.click_The_ItemId_of_Bird(JPetBirdsStep.java:54)] - Bird ItemID clicked
2020-04-09 15:24:55.396 INFO [main] [com.StepDefinition.JPetBirdsStep] [click_The_ItemId_of_Bird] [com.StepDefinition.JPetBirdsStep.click_The_ItemId_of_Bird(JPetBirdsStep.java:58)] - Bird page opened and ScreenShot taken
2020-04-09 15:24:57.876 INFO [main] [com.StepDefinition.JPetBirdsStep] [click_The_AddToCart] [com.StepDefinition.JPetBirdsStep.click_The_AddToCart(JPetBirdsStep.java:66)] - AddToCart clicked
2020-04-09 15:25:00.521 INFO [main] [com.StepDefinition.JPetBirdsStep] [click_The_ProceedToCheckOut] [com.StepDefinition.JPetBirdsStep.click_The_ProceedToCheckOut(JPetBirdsStep.java:74)] - Bird added to cart and Proceed clicked
2020-04-09 15:25:00.521 INFO [main] [com.StepDefinition.JPetBirdsStep] [click_The_ProceedToCheckOut] [com.StepDefinition.JPetBirdsStep.click_The_ProceedToCheckOut(JPetBirdsStep.java:75)] - Payment Page is opened
2020-04-09 15:25:21.857 INFO [main] [com.StepDefinition.JPetLoginStep] [launch_the_Chrome_browser] [com.StepDefinition.JPetLoginStep.launch_the_Chrome_browser(JPetLoginStep.java:27)] - chrome opened
2020-04-09 15:25:26.160 INFO [main] [com.StepDefinition.JPetCatsStep] [cats_JPetStore_Page_opened] [com.StepDefinition.JPetCatsStep.cats_JPetStore_Page_opened(JPetCatsStep.java:30)] - Login done JPetStore Menu page opened
2020-04-09 15:25:29.277 INFO [main] [com.StepDefinition.JPetCatsStep] [click_The_Cat_Image] [com.StepDefinition.JPetCatsStep.click_The_Cat_Image(JPetCatsStep.java:39)] - Cat Image clicked
2020-04-09 15:25:35.454 INFO [main] [com.StepDefinition.JPetCatsStep] [click_The_ProductID_of_Cat] [com.StepDefinition.JPetCatsStep.click_The_ProductID_of_Cat(JPetCatsStep.java:47)] - Cat ProductID clicked
2020-04-09 15:25:42.612 INFO [main] [com.StepDefinition.JPetCatsStep] [click_The_ItemId_of_Cat] [com.StepDefinition.JPetCatsStep.click_The_ItemId_of_Cat(JPetCatsStep.java:59)] - Cat page opened and ScreenShot taken
2020-04-09 15:26:31.911 INFO [main] [com.StepDefinition.JPetLoginStep] [launch_the_Chrome_browser] [com.StepDefinition.JPetLoginStep.launch_the_Chrome_browser(JPetLoginStep.java:27)] - chrome opened
2020-04-09 15:26:37.229 INFO [main] [com.StepDefinition.JPetReptilesStep] [reptiles_JPetStore_Page_opened] [com.StepDefinition.JPetReptilesStep.reptiles_JPetStore_Page_opened(JPetReptilesStep.java:33)] - Login done JPetStore Menu page opened
2020-04-09 15:26:40.530 INFO [main] [com.StepDefinition.JPetReptilesStep] [click_The_Reptile_Image] [com.StepDefinition.JPetReptilesStep.click_The_Reptile_Image(JPetReptilesStep.java:42)] - Reptile Image clicked
2020-04-09 15:26:42.988 INFO [main] [com.StepDefinition.JPetReptilesStep] [click_The_ProductID_of_Reptile] [com.StepDefinition.JPetReptilesStep.click_The_ProductID_of_Reptile(JPetReptilesStep.java:50)] - Reptile ProductID clicked
2020-04-09 15:26:45.307 INFO [main] [com.StepDefinition.JPetReptilesStep] [click_The_ItemId_of_Reptile] [com.StepDefinition.JPetReptilesStep.click_The_ItemId_of_Reptile(JPetReptilesStep.java:58)] - Reptile ItemID clicked
2020-04-09 15:26:48.456 INFO [main] [com.StepDefinition.JPetReptilesStep] [click_The_AddToCart_of_Reptile] [com.StepDefinition.JPetReptilesStep.click_The_AddToCart_of_Reptile(JPetReptilesStep.java:70)] - AddToCart clicked
2020-04-09 15:26:50.770 INFO [main] [com.StepDefinition.JPetReptilesStep] [click_The_ProceedToCheckOut_of_Reptile] [com.StepDefinition.JPetReptilesStep.click_The_ProceedToCheckOut_of_Reptile(JPetReptilesStep.java:78)] - Reptile added to cart and Proceed clicked
2020-04-09 15:26:50.771 INFO [main] [com.StepDefinition.JPetReptilesStep] [click_The_ProceedToCheckOut_of_Reptile] [com.StepDefinition.JPetReptilesStep.click_The_ProceedToCheckOut_of_Reptile(JPetReptilesStep.java:79)] - Payment Page is opened
2020-04-09 16:02:35.483 INFO [main] [com.StepDefinition.JPetLoginStep] [launch_the_Chrome_browser] [com.StepDefinition.JPetLoginStep.launch_the_Chrome_browser(JPetLoginStep.java:27)] - chrome opened
2020-04-09 16:02:35.618 INFO [main] [com.StepDefinition.JPetLoginStep] [login_JPetStore_Page_opened] [com.StepDefinition.JPetLoginStep.login_JPetStore_Page_opened(JPetLoginStep.java:33)] - Login page for Username and password
2020-04-09 16:02:43.222 INFO [main] [com.StepDefinition.JPetLoginStep] [enter_username_as_and_password_as] [com.StepDefinition.JPetLoginStep.enter_username_as_and_password_as(JPetLoginStep.java:42)] - text is entered and searched
2020-04-09 16:02:53.102 INFO [main] [com.StepDefinition.JPetLoginStep] [clicks_the_Login_button] [com.StepDefinition.JPetLoginStep.clicks_the_Login_button(JPetLoginStep.java:51)] - clicks on the submit button
2020-04-09 16:02:54.621 INFO [main] [com.StepDefinition.JPetLoginStep] [clicks_the_Login_button] [com.StepDefinition.JPetLoginStep.clicks_the_Login_button(JPetLoginStep.java:55)] - Login page opened and ScreenShot taken
2020-04-09 16:03:25.128 INFO [main] [com.StepDefinition.JPetLoginStep] [launch_the_Chrome_browser] [com.StepDefinition.JPetLoginStep.launch_the_Chrome_browser(JPetLoginStep.java:27)] - chrome opened
2020-04-09 16:03:25.132 INFO [main] [com.StepDefinition.JPetLoginStep] [login_JPetStore_Page_opened] [com.StepDefinition.JPetLoginStep.login_JPetStore_Page_opened(JPetLoginStep.java:33)] - Login page for Username and password
2020-04-09 16:03:25.904 INFO [main] [com.StepDefinition.JPetLoginStep] [enter_username_as_and_password_as] [com.StepDefinition.JPetLoginStep.enter_username_as_and_password_as(JPetLoginStep.java:42)] - text is entered and searched
2020-04-09 16:03:28.405 INFO [main] [com.StepDefinition.JPetLoginStep] [clicks_the_Login_button] [com.StepDefinition.JPetLoginStep.clicks_the_Login_button(JPetLoginStep.java:51)] - clicks on the submit button
2020-04-09 16:03:29.312 INFO [main] [com.StepDefinition.JPetLoginStep] [clicks_the_Login_button] [com.StepDefinition.JPetLoginStep.clicks_the_Login_button(JPetLoginStep.java:55)] - Login page opened and ScreenShot taken
2020-04-09 16:03:45.710 INFO [main] [com.StepDefinition.JPetLoginStep] [launch_the_Chrome_browser] [com.StepDefinition.JPetLoginStep.launch_the_Chrome_browser(JPetLoginStep.java:27)] - chrome opened
2020-04-09 16:03:51.707 INFO [main] [com.StepDefinition.JPetBirdsStep] [bird_JPetStore_Page_opened] [com.StepDefinition.JPetBirdsStep.bird_JPetStore_Page_opened(JPetBirdsStep.java:29)] - entered username and password for login
2020-04-09 16:03:54.102 INFO [main] [com.StepDefinition.JPetBirdsStep] [click_The_Birds_Image] [com.StepDefinition.JPetBirdsStep.click_The_Birds_Image(JPetBirdsStep.java:38)] - Bird Image clicked
2020-04-09 16:03:56.410 INFO [main] [com.StepDefinition.JPetBirdsStep] [click_The_ProductID_of_Bird] [com.StepDefinition.JPetBirdsStep.click_The_ProductID_of_Bird(JPetBirdsStep.java:46)] - Bird ProductID clicked
2020-04-09 16:03:58.662 INFO [main] [com.StepDefinition.JPetBirdsStep] [click_The_ItemId_of_Bird] [com.StepDefinition.JPetBirdsStep.click_The_ItemId_of_Bird(JPetBirdsStep.java:54)] - Bird ItemID clicked
2020-04-09 16:03:59.127 INFO [main] [com.StepDefinition.JPetBirdsStep] [click_The_ItemId_of_Bird] [com.StepDefinition.JPetBirdsStep.click_The_ItemId_of_Bird(JPetBirdsStep.java:58)] - Bird page opened and ScreenShot taken
2020-04-09 16:04:02.780 INFO [main] [com.StepDefinition.JPetBirdsStep] [click_The_AddToCart] [com.StepDefinition.JPetBirdsStep.click_The_AddToCart(JPetBirdsStep.java:66)] - AddToCart clicked
2020-04-09 16:04:05.020 INFO [main] [com.StepDefinition.JPetBirdsStep] [click_The_ProceedToCheckOut] [com.StepDefinition.JPetBirdsStep.click_The_ProceedToCheckOut(JPetBirdsStep.java:74)] - Bird added to cart and Proceed clicked
2020-04-09 16:04:05.021 INFO [main] [com.StepDefinition.JPetBirdsStep] [click_The_ProceedToCheckOut] [com.StepDefinition.JPetBirdsStep.click_The_ProceedToCheckOut(JPetBirdsStep.java:75)] - Payment Page is opened
2020-04-09 16:04:24.410 INFO [main] [com.StepDefinition.JPetLoginStep] [launch_the_Chrome_browser] [com.StepDefinition.JPetLoginStep.launch_the_Chrome_browser(JPetLoginStep.java:27)] - chrome opened
2020-04-09 16:04:30.173 INFO [main] [com.StepDefinition.JPetCatsStep] [cats_JPetStore_Page_opened] [com.StepDefinition.JPetCatsStep.cats_JPetStore_Page_opened(JPetCatsStep.java:30)] - Login done JPetStore Menu page opened
2020-04-09 16:04:34.025 INFO [main] [com.StepDefinition.JPetCatsStep] [click_The_Cat_Image] [com.StepDefinition.JPetCatsStep.click_The_Cat_Image(JPetCatsStep.java:39)] - Cat Image clicked
2020-04-09 16:04:36.502 INFO [main] [com.StepDefinition.JPetCatsStep] [click_The_ProductID_of_Cat] [com.StepDefinition.JPetCatsStep.click_The_ProductID_of_Cat(JPetCatsStep.java:47)] - Cat ProductID clicked
2020-04-09 16:04:40.005 INFO [main] [com.StepDefinition.JPetCatsStep] [click_The_ItemId_of_Cat] [com.StepDefinition.JPetCatsStep.click_The_ItemId_of_Cat(JPetCatsStep.java:59)] - Cat page opened and ScreenShot taken
2020-04-09 16:04:43.539 INFO [main] [com.StepDefinition.JPetCatsStep] [click_The_AddToCart_for_cat] [com.StepDefinition.JPetCatsStep.click_The_AddToCart_for_cat(JPetCatsStep.java:67)] - AddToCart clicked
2020-04-09 16:04:45.771 INFO [main] [com.StepDefinition.JPetCatsStep] [click_The_ProceedToCheckOut_for_cat] [com.StepDefinition.JPetCatsStep.click_The_ProceedToCheckOut_for_cat(JPetCatsStep.java:75)] - Cat added to cart and Proceed clicked
2020-04-09 16:04:45.771 INFO [main] [com.StepDefinition.JPetCatsStep] [click_The_ProceedToCheckOut_for_cat] [com.StepDefinition.JPetCatsStep.click_The_ProceedToCheckOut_for_cat(JPetCatsStep.java:76)] - Payment Page is opened
2020-04-09 16:05:08.302 INFO [main] [com.StepDefinition.JPetLoginStep] [launch_the_Chrome_browser] [com.StepDefinition.JPetLoginStep.launch_the_Chrome_browser(JPetLoginStep.java:27)] - chrome opened
2020-04-09 16:05:14.661 INFO [main] [com.StepDefinition.JPetReptilesStep] [reptiles_JPetStore_Page_opened] [com.StepDefinition.JPetReptilesStep.reptiles_JPetStore_Page_opened(JPetReptilesStep.java:33)] - Login done JPetStore Menu page opened
2020-04-09 16:05:17.108 INFO [main] [com.StepDefinition.JPetReptilesStep] [click_The_Reptile_Image] [com.StepDefinition.JPetReptilesStep.click_The_Reptile_Image(JPetReptilesStep.java:42)] - Reptile Image clicked
2020-04-09 16:05:19.254 INFO [main] [com.StepDefinition.JPetReptilesStep] [click_The_ProductID_of_Reptile] [com.StepDefinition.JPetReptilesStep.click_The_ProductID_of_Reptile(JPetReptilesStep.java:50)] - Reptile ProductID clicked
2020-04-09 16:05:22.329 INFO [main] [com.StepDefinition.JPetReptilesStep] [click_The_ItemId_of_Reptile] [com.StepDefinition.JPetReptilesStep.click_The_ItemId_of_Reptile(JPetReptilesStep.java:58)] - Reptile ItemID clicked
2020-04-09 16:05:25.458 INFO [main] [com.StepDefinition.JPetReptilesStep] [click_The_AddToCart_of_Reptile] [com.StepDefinition.JPetReptilesStep.click_The_AddToCart_of_Reptile(JPetReptilesStep.java:70)] - AddToCart clicked
2020-04-09 16:05:27.676 INFO [main] [com.StepDefinition.JPetReptilesStep] [click_The_ProceedToCheckOut_of_Reptile] [com.StepDefinition.JPetReptilesStep.click_The_ProceedToCheckOut_of_Reptile(JPetReptilesStep.java:78)] - Reptile added to cart and Proceed clicked
2020-04-09 16:05:27.676 INFO [main] [com.StepDefinition.JPetReptilesStep] [click_The_ProceedToCheckOut_of_Reptile] [com.StepDefinition.JPetReptilesStep.click_The_ProceedToCheckOut_of_Reptile(JPetReptilesStep.java:79)] - Payment Page is opened
2020-04-09 16:05:44.034 INFO [main] [com.StepDefinition.JPetLoginStep] [launch_the_Chrome_browser] [com.StepDefinition.JPetLoginStep.launch_the_Chrome_browser(JPetLoginStep.java:27)] - chrome opened
2020-04-09 16:05:51.093 INFO [main] [com.StepDefinition.JPetDogsStep] [dogs_JPetStore_Page_opened] [com.StepDefinition.JPetDogsStep.dogs_JPetStore_Page_opened(JPetDogsStep.java:30)] - Login done JPetStore Menu page opened
2020-04-09 16:05:53.500 INFO [main] [com.StepDefinition.JPetDogsStep] [clicks_The_Dogs_Image] [com.StepDefinition.JPetDogsStep.clicks_The_Dogs_Image(JPetDogsStep.java:39)] - Dog Image clicked
2020-04-09 16:05:55.896 INFO [main] [com.StepDefinition.JPetDogsStep] [clicks_The_ProductID_for_Dogs] [com.StepDefinition.JPetDogsStep.clicks_The_ProductID_for_Dogs(JPetDogsStep.java:47)] - Dog ProductID clicked
2020-04-09 16:05:58.127 INFO [main] [com.StepDefinition.JPetDogsStep] [clicks_The_ItemId_for_Dogs] [com.StepDefinition.JPetDogsStep.clicks_The_ItemId_for_Dogs(JPetDogsStep.java:55)] - Dog ItemID clicked
2020-04-09 16:05:59.074 INFO [main] [com.StepDefinition.JPetDogsStep] [clicks_The_ItemId_for_Dogs] [com.StepDefinition.JPetDogsStep.clicks_The_ItemId_for_Dogs(JPetDogsStep.java:59)] - Dog page opened and ScreenShot taken
2020-04-09 16:06:02.007 INFO [main] [com.StepDefinition.JPetDogsStep] [clicks_The_AddToCart_for_Dogs] [com.StepDefinition.JPetDogsStep.clicks_The_AddToCart_for_Dogs(JPetDogsStep.java:67)] - AddToCart clicked
2020-04-09 16:06:04.225 INFO [main] [com.StepDefinition.JPetDogsStep] [clicks_The_ProceedToCheckOut_for_Dogs] [com.StepDefinition.JPetDogsStep.clicks_The_ProceedToCheckOut_for_Dogs(JPetDogsStep.java:75)] - Dog added to cart and Proceed clicked
2020-04-09 16:06:04.225 INFO [main] [com.StepDefinition.JPetDogsStep] [clicks_The_ProceedToCheckOut_for_Dogs] [com.StepDefinition.JPetDogsStep.clicks_The_ProceedToCheckOut_for_Dogs(JPetDogsStep.java:76)] - Payment Page is opened
2020-04-09 16:06:20.091 INFO [main] [com.StepDefinition.JPetLoginStep] [launch_the_Chrome_browser] [com.StepDefinition.JPetLoginStep.launch_the_Chrome_browser(JPetLoginStep.java:27)] - chrome opened
2020-04-09 16:06:24.650 INFO [main] [com.StepDefinition.JPetFishStep] [fish_JPetStore_Page_opened] [com.StepDefinition.JPetFishStep.fish_JPetStore_Page_opened(JPetFishStep.java:29)] - Login done JPetStore Menu page opened
2020-04-09 16:06:27.409 INFO [main] [com.StepDefinition.JPetFishStep] [clicks_The_Fish_Image] [com.StepDefinition.JPetFishStep.clicks_The_Fish_Image(JPetFishStep.java:38)] - Fish Image clicked
2020-04-09 16:06:29.591 INFO [main] [com.StepDefinition.JPetFishStep] [clicks_The_ProductID_for_Fish] [com.StepDefinition.JPetFishStep.clicks_The_ProductID_for_Fish(JPetFishStep.java:46)] - Fish ProductID clicked
2020-04-09 16:06:31.857 INFO [main] [com.StepDefinition.JPetFishStep] [clicks_The_ItemId_for_Fish] [com.StepDefinition.JPetFishStep.clicks_The_ItemId_for_Fish(JPetFishStep.java:54)] - Fish ItemID clicked
2020-04-09 16:06:32.708 INFO [main] [com.StepDefinition.JPetFishStep] [clicks_The_ItemId_for_Fish] [com.StepDefinition.JPetFishStep.clicks_The_ItemId_for_Fish(JPetFishStep.java:58)] - Fish page opened and ScreenShot taken
2020-04-09 16:06:35.870 INFO [main] [com.StepDefinition.JPetFishStep] [clicks_The_AddToCart_for_Fish] [com.StepDefinition.JPetFishStep.clicks_The_AddToCart_for_Fish(JPetFishStep.java:66)] - AddToCart clicked
2020-04-09 16:06:38.741 INFO [main] [com.StepDefinition.JPetFishStep] [clicks_The_ProceedToCheckOut_for_Fish] [com.StepDefinition.JPetFishStep.clicks_The_ProceedToCheckOut_for_Fish(JPetFishStep.java:74)] - Fish added to cart and Proceed clicked
2020-04-09 16:06:38.741 INFO [main] [com.StepDefinition.JPetFishStep] [clicks_The_ProceedToCheckOut_for_Fish] [com.StepDefinition.JPetFishStep.clicks_The_ProceedToCheckOut_for_Fish(JPetFishStep.java:75)] - Payment Page is opened
2020-04-09 16:06:58.923 INFO [main] [com.StepDefinition.JPetExcelReaderStep] [the_jpetstore_page_is_opened] [com.StepDefinition.JPetExcelReaderStep.the_jpetstore_page_is_opened(JPetExcelReaderStep.java:26)] - chrome opened
2020-04-09 16:06:58.953 INFO [main] [com.StepDefinition.JPetExcelReaderStep] [login_page_is_opened] [com.StepDefinition.JPetExcelReaderStep.login_page_is_opened(JPetExcelReaderStep.java:34)] - Login page opened
2020-04-09 16:07:04.859 INFO [main] [com.StepDefinition.JPetExcelReaderStep] [the_email_and_password_details_are_given] [com.StepDefinition.JPetExcelReaderStep.the_email_and_password_details_are_given(JPetExcelReaderStep.java:45)] - Login Done by excel read data
2020-04-09 16:07:05.602 INFO [main] [com.StepDefinition.JPetExcelReaderStep] [login_and_quit] [com.StepDefinition.JPetExcelReaderStep.login_and_quit(JPetExcelReaderStep.java:54)] - Login page opened and ScreenShot taken
2020-04-09 17:17:56.024 INFO [main] [com.StepDefinition.JPetLoginStep] [launch_the_Chrome_browser] [com.StepDefinition.JPetLoginStep.launch_the_Chrome_browser(JPetLoginStep.java:27)] - chrome opened
2020-04-09 17:17:56.461 INFO [main] [com.StepDefinition.JPetLoginStep] [login_JPetStore_Page_opened] [com.StepDefinition.JPetLoginStep.login_JPetStore_Page_opened(JPetLoginStep.java:33)] - Login page for Username and password
2020-04-09 17:18:02.090 INFO [main] [com.StepDefinition.JPetLoginStep] [enter_username_as_and_password_as] [com.StepDefinition.JPetLoginStep.enter_username_as_and_password_as(JPetLoginStep.java:42)] - text is entered and searched
2020-04-09 17:18:10.523 INFO [main] [com.StepDefinition.JPetLoginStep] [clicks_the_Login_button] [com.StepDefinition.JPetLoginStep.clicks_the_Login_button(JPetLoginStep.java:51)] - clicks on the submit button
2020-04-09 17:18:13.823 INFO [main] [com.StepDefinition.JPetLoginStep] [clicks_the_Login_button] [com.StepDefinition.JPetLoginStep.clicks_the_Login_button(JPetLoginStep.java:55)] - Login page opened and ScreenShot taken
2020-04-09 17:18:56.401 INFO [main] [com.StepDefinition.JPetLoginStep] [launch_the_Chrome_browser] [com.StepDefinition.JPetLoginStep.launch_the_Chrome_browser(JPetLoginStep.java:27)] - chrome opened
2020-04-09 17:18:56.406 INFO [main] [com.StepDefinition.JPetLoginStep] [login_JPetStore_Page_opened] [com.StepDefinition.JPetLoginStep.login_JPetStore_Page_opened(JPetLoginStep.java:33)] - Login page for Username and password
2020-04-09 17:18:56.978 INFO [main] [com.StepDefinition.JPetLoginStep] [enter_username_as_and_password_as] [com.StepDefinition.JPetLoginStep.enter_username_as_and_password_as(JPetLoginStep.java:42)] - text is entered and searched
2020-04-09 17:19:00.190 INFO [main] [com.StepDefinition.JPetLoginStep] [clicks_the_Login_button] [com.StepDefinition.JPetLoginStep.clicks_the_Login_button(JPetLoginStep.java:51)] - clicks on the submit button
2020-04-09 17:19:01.099 INFO [main] [com.StepDefinition.JPetLoginStep] [clicks_the_Login_button] [com.StepDefinition.JPetLoginStep.clicks_the_Login_button(JPetLoginStep.java:55)] - Login page opened and ScreenShot taken
2020-04-09 17:19:17.977 INFO [main] [com.StepDefinition.JPetLoginStep] [launch_the_Chrome_browser] [com.StepDefinition.JPetLoginStep.launch_the_Chrome_browser(JPetLoginStep.java:27)] - chrome opened
2020-04-09 17:19:22.747 INFO [main] [com.StepDefinition.JPetBirdsStep] [bird_JPetStore_Page_opened] [com.StepDefinition.JPetBirdsStep.bird_JPetStore_Page_opened(JPetBirdsStep.java:29)] - entered username and password for login
2020-04-09 17:19:25.586 INFO [main] [com.StepDefinition.JPetBirdsStep] [click_The_Birds_Image] [com.StepDefinition.JPetBirdsStep.click_The_Birds_Image(JPetBirdsStep.java:38)] - Bird Image clicked
2020-04-09 17:19:28.422 INFO [main] [com.StepDefinition.JPetBirdsStep] [click_The_ProductID_of_Bird] [com.StepDefinition.JPetBirdsStep.click_The_ProductID_of_Bird(JPetBirdsStep.java:46)] - Bird ProductID clicked
2020-04-09 17:19:30.850 INFO [main] [com.StepDefinition.JPetBirdsStep] [click_The_ItemId_of_Bird] [com.StepDefinition.JPetBirdsStep.click_The_ItemId_of_Bird(JPetBirdsStep.java:54)] - Bird ItemID clicked
2020-04-09 17:19:31.390 INFO [main] [com.StepDefinition.JPetBirdsStep] [click_The_ItemId_of_Bird] [com.StepDefinition.JPetBirdsStep.click_The_ItemId_of_Bird(JPetBirdsStep.java:58)] - Bird page opened and ScreenShot taken
2020-04-09 17:19:35.146 INFO [main] [com.StepDefinition.JPetBirdsStep] [click_The_AddToCart] [com.StepDefinition.JPetBirdsStep.click_The_AddToCart(JPetBirdsStep.java:66)] - AddToCart clicked
2020-04-09 17:19:37.591 INFO [main] [com.StepDefinition.JPetBirdsStep] [click_The_ProceedToCheckOut] [com.StepDefinition.JPetBirdsStep.click_The_ProceedToCheckOut(JPetBirdsStep.java:74)] - Bird added to cart and Proceed clicked
2020-04-09 17:19:37.591 INFO [main] [com.StepDefinition.JPetBirdsStep] [click_The_ProceedToCheckOut] [com.StepDefinition.JPetBirdsStep.click_The_ProceedToCheckOut(JPetBirdsStep.java:75)] - Payment Page is opened
2020-04-09 17:20:41.035 INFO [main] [com.StepDefinition.JPetLoginStep] [launch_the_Chrome_browser] [com.StepDefinition.JPetLoginStep.launch_the_Chrome_browser(JPetLoginStep.java:27)] - chrome opened
2020-04-09 17:20:55.197 INFO [main] [com.StepDefinition.JPetCatsStep] [cats_JPetStore_Page_opened] [com.StepDefinition.JPetCatsStep.cats_JPetStore_Page_opened(JPetCatsStep.java:30)] - Login done JPetStore Menu page opened
2020-04-09 17:20:58.108 INFO [main] [com.StepDefinition.JPetCatsStep] [click_The_Cat_Image] [com.StepDefinition.JPetCatsStep.click_The_Cat_Image(JPetCatsStep.java:39)] - Cat Image clicked
2020-04-09 17:21:01.248 INFO [main] [com.StepDefinition.JPetCatsStep] [click_The_ProductID_of_Cat] [com.StepDefinition.JPetCatsStep.click_The_ProductID_of_Cat(JPetCatsStep.java:47)] - Cat ProductID clicked
2020-04-09 17:21:04.966 INFO [main] [com.StepDefinition.JPetCatsStep] [click_The_ItemId_of_Cat] [com.StepDefinition.JPetCatsStep.click_The_ItemId_of_Cat(JPetCatsStep.java:59)] - Cat page opened and ScreenShot taken
2020-04-09 17:21:07.806 INFO [main] [com.StepDefinition.JPetCatsStep] [click_The_AddToCart_for_cat] [com.StepDefinition.JPetCatsStep.click_The_AddToCart_for_cat(JPetCatsStep.java:67)] - AddToCart clicked
2020-04-09 17:21:10.874 INFO [main] [com.StepDefinition.JPetCatsStep] [click_The_ProceedToCheckOut_for_cat] [com.StepDefinition.JPetCatsStep.click_The_ProceedToCheckOut_for_cat(JPetCatsStep.java:75)] - Cat added to cart and Proceed clicked
2020-04-09 17:21:10.875 INFO [main] [com.StepDefinition.JPetCatsStep] [click_The_ProceedToCheckOut_for_cat] [com.StepDefinition.JPetCatsStep.click_The_ProceedToCheckOut_for_cat(JPetCatsStep.java:76)] - Payment Page is opened
2020-04-09 17:21:47.842 INFO [main] [com.StepDefinition.JPetLoginStep] [launch_the_Chrome_browser] [com.StepDefinition.JPetLoginStep.launch_the_Chrome_browser(JPetLoginStep.java:27)] - chrome opened
2020-04-09 17:21:55.669 INFO [main] [com.StepDefinition.JPetReptilesStep] [reptiles_JPetStore_Page_opened] [com.StepDefinition.JPetReptilesStep.reptiles_JPetStore_Page_opened(JPetReptilesStep.java:33)] - Login done JPetStore Menu page opened
2020-04-09 17:21:58.615 INFO [main] [com.StepDefinition.JPetReptilesStep] [click_The_Reptile_Image] [com.StepDefinition.JPetReptilesStep.click_The_Reptile_Image(JPetReptilesStep.java:42)] - Reptile Image clicked
2020-04-09 17:22:01.413 INFO [main] [com.StepDefinition.JPetReptilesStep] [click_The_ProductID_of_Reptile] [com.StepDefinition.JPetReptilesStep.click_The_ProductID_of_Reptile(JPetReptilesStep.java:50)] - Reptile ProductID clicked
2020-04-09 17:22:04.714 INFO [main] [com.StepDefinition.JPetReptilesStep] [click_The_ItemId_of_Reptile] [com.StepDefinition.JPetReptilesStep.click_The_ItemId_of_Reptile(JPetReptilesStep.java:58)] - Reptile ItemID clicked
2020-04-09 17:22:08.916 INFO [main] [com.StepDefinition.JPetReptilesStep] [click_The_AddToCart_of_Reptile] [com.StepDefinition.JPetReptilesStep.click_The_AddToCart_of_Reptile(JPetReptilesStep.java:70)] - AddToCart clicked
2020-04-09 17:22:13.765 INFO [main] [com.StepDefinition.JPetReptilesStep] [click_The_ProceedToCheckOut_of_Reptile] [com.StepDefinition.JPetReptilesStep.click_The_ProceedToCheckOut_of_Reptile(JPetReptilesStep.java:78)] - Reptile added to cart and Proceed clicked
2020-04-09 17:22:13.765 INFO [main] [com.StepDefinition.JPetReptilesStep] [click_The_ProceedToCheckOut_of_Reptile] [com.StepDefinition.JPetReptilesStep.click_The_ProceedToCheckOut_of_Reptile(JPetReptilesStep.java:79)] - Payment Page is opened
2020-04-09 17:22:39.557 INFO [main] [com.StepDefinition.JPetLoginStep] [launch_the_Chrome_browser] [com.StepDefinition.JPetLoginStep.launch_the_Chrome_browser(JPetLoginStep.java:27)] - chrome opened
2020-04-09 17:22:47.550 INFO [main] [com.StepDefinition.JPetDogsStep] [dogs_JPetStore_Page_opened] [com.StepDefinition.JPetDogsStep.dogs_JPetStore_Page_opened(JPetDogsStep.java:30)] - Login done JPetStore Menu page opened
2020-04-09 17:22:53.038 INFO [main] [com.StepDefinition.JPetDogsStep] [clicks_The_Dogs_Image] [com.StepDefinition.JPetDogsStep.clicks_The_Dogs_Image(JPetDogsStep.java:39)] - Dog Image clicked
2020-04-09 17:22:58.315 INFO [main] [com.StepDefinition.JPetDogsStep] [clicks_The_ProductID_for_Dogs] [com.StepDefinition.JPetDogsStep.clicks_The_ProductID_for_Dogs(JPetDogsStep.java:47)] - Dog ProductID clicked
2020-04-09 17:23:01.901 INFO [main] [com.StepDefinition.JPetDogsStep] [clicks_The_ItemId_for_Dogs] [com.StepDefinition.JPetDogsStep.clicks_The_ItemId_for_Dogs(JPetDogsStep.java:55)] - Dog ItemID clicked
2020-04-09 17:23:02.565 INFO [main] [com.StepDefinition.JPetDogsStep] [clicks_The_ItemId_for_Dogs] [com.StepDefinition.JPetDogsStep.clicks_The_ItemId_for_Dogs(JPetDogsStep.java:59)] - Dog page opened and ScreenShot taken
2020-04-09 17:23:07.723 INFO [main] [com.StepDefinition.JPetDogsStep] [clicks_The_AddToCart_for_Dogs] [com.StepDefinition.JPetDogsStep.clicks_The_AddToCart_for_Dogs(JPetDogsStep.java:67)] - AddToCart clicked
2020-04-09 17:23:10.389 INFO [main] [com.StepDefinition.JPetDogsStep] [clicks_The_ProceedToCheckOut_for_Dogs] [com.StepDefinition.JPetDogsStep.clicks_The_ProceedToCheckOut_for_Dogs(JPetDogsStep.java:75)] - Dog added to cart and Proceed clicked
2020-04-09 17:23:10.390 INFO [main] [com.StepDefinition.JPetDogsStep] [clicks_The_ProceedToCheckOut_for_Dogs] [com.StepDefinition.JPetDogsStep.clicks_The_ProceedToCheckOut_for_Dogs(JPetDogsStep.java:76)] - Payment Page is opened
2020-04-09 17:23:37.313 INFO [main] [com.StepDefinition.JPetLoginStep] [launch_the_Chrome_browser] [com.StepDefinition.JPetLoginStep.launch_the_Chrome_browser(JPetLoginStep.java:27)] - chrome opened
2020-04-09 17:23:43.282 INFO [main] [com.StepDefinition.JPetFishStep] [fish_JPetStore_Page_opened] [com.StepDefinition.JPetFishStep.fish_JPetStore_Page_opened(JPetFishStep.java:29)] - Login done JPetStore Menu page opened
2020-04-09 17:23:47.936 INFO [main] [com.StepDefinition.JPetFishStep] [clicks_The_Fish_Image] [com.StepDefinition.JPetFishStep.clicks_The_Fish_Image(JPetFishStep.java:38)] - Fish Image clicked
2020-04-09 17:23:51.352 INFO [main] [com.StepDefinition.JPetFishStep] [clicks_The_ProductID_for_Fish] [com.StepDefinition.JPetFishStep.clicks_The_ProductID_for_Fish(JPetFishStep.java:46)] - Fish ProductID clicked
2020-04-09 17:23:54.284 INFO [main] [com.StepDefinition.JPetFishStep] [clicks_The_ItemId_for_Fish] [com.StepDefinition.JPetFishStep.clicks_The_ItemId_for_Fish(JPetFishStep.java:54)] - Fish ItemID clicked
2020-04-09 17:23:55.045 INFO [main] [com.StepDefinition.JPetFishStep] [clicks_The_ItemId_for_Fish] [com.StepDefinition.JPetFishStep.clicks_The_ItemId_for_Fish(JPetFishStep.java:58)] - Fish page opened and ScreenShot taken
2020-04-09 17:23:59.167 INFO [main] [com.StepDefinition.JPetFishStep] [clicks_The_AddToCart_for_Fish] [com.StepDefinition.JPetFishStep.clicks_The_AddToCart_for_Fish(JPetFishStep.java:66)] - AddToCart clicked
2020-04-09 17:24:10.333 INFO [main] [com.StepDefinition.JPetFishStep] [clicks_The_ProceedToCheckOut_for_Fish] [com.StepDefinition.JPetFishStep.clicks_The_ProceedToCheckOut_for_Fish(JPetFishStep.java:74)] - Fish added to cart and Proceed clicked
2020-04-09 17:24:10.334 INFO [main] [com.StepDefinition.JPetFishStep] [clicks_The_ProceedToCheckOut_for_Fish] [com.StepDefinition.JPetFishStep.clicks_The_ProceedToCheckOut_for_Fish(JPetFishStep.java:75)] - Payment Page is opened
2020-04-09 17:24:39.684 INFO [main] [com.StepDefinition.JPetExcelReaderStep] [the_jpetstore_page_is_opened] [com.StepDefinition.JPetExcelReaderStep.the_jpetstore_page_is_opened(JPetExcelReaderStep.java:26)] - chrome opened
2020-04-09 17:24:39.750 INFO [main] [com.StepDefinition.JPetExcelReaderStep] [login_page_is_opened] [com.StepDefinition.JPetExcelReaderStep.login_page_is_opened(JPetExcelReaderStep.java:34)] - Login page opened
2020-04-09 17:24:53.064 INFO [main] [com.StepDefinition.JPetExcelReaderStep] [the_email_and_password_details_are_given] [com.StepDefinition.JPetExcelReaderStep.the_email_and_password_details_are_given(JPetExcelReaderStep.java:45)] - Login Done by excel read data
2020-04-09 17:24:53.618 INFO [main] [com.StepDefinition.JPetExcelReaderStep] [login_and_quit] [com.StepDefinition.JPetExcelReaderStep.login_and_quit(JPetExcelReaderStep.java:54)] - Login page opened and ScreenShot taken
